<?xml version="1.0" encoding="UTF-8"?>
<!-- Generated by org.testng.reporters.JUnitReportReporter -->
<testsuite hostname="DESKTOP-KP769BJ" failures="0" tests="1" name="vTiger.Test_Scripts.VTiger_purchaseOrder_TC38" time="39.034" errors="0" timestamp="2021-08-21T18:03:53 IST" skipped="0">
  <testcase classname="vTiger.Test_Scripts.VTiger_purchaseOrder_TC38" name="testCase38" time="39.034"/>
  <system-out/>
</testsuite> <!-- vTiger.Test_Scripts.VTiger_purchaseOrder_TC38 -->
