<?xml version="1.0" encoding="UTF-8"?>
<!-- Generated by org.testng.reporters.JUnitReportReporter -->
<testsuite hostname="DESKTOP-KP769BJ" failures="0" tests="1" name="vTiger.Test_Scripts.VTiger_purchaseOrder_TC33" time="42.336" errors="0" timestamp="2021-08-25T14:57:00 IST" skipped="0">
  <testcase classname="vTiger.Test_Scripts.VTiger_purchaseOrder_TC33" name="testCase33" time="42.336"/>
  <system-out/>
</testsuite> <!-- vTiger.Test_Scripts.VTiger_purchaseOrder_TC33 -->
