<?xml version="1.0" encoding="UTF-8"?>
<!-- Generated by org.testng.reporters.JUnitReportReporter -->
<testsuite hostname="DESKTOP-KP769BJ" failures="0" tests="1" name="vTiger.Test_Scripts.VTiger_Scenario3" time="44.704" errors="0" timestamp="2021-08-17T10:34:05 IST" skipped="0">
  <testcase classname="vTiger.Test_Scripts.VTiger_Scenario3" name="testCase3" time="44.704"/>
  <system-out/>
</testsuite> <!-- vTiger.Test_Scripts.VTiger_Scenario3 -->
