<?xml version="1.0" encoding="UTF-8"?>
<!-- Generated by org.testng.reporters.JUnitReportReporter -->
<testsuite hostname="DESKTOP-KP769BJ" failures="0" tests="1" name="vTiger.Test_Scripts.VTiger_purchaseOrder_TC30" time="50.948" errors="0" timestamp="2021-08-19T17:23:41 IST" skipped="0">
  <testcase classname="vTiger.Test_Scripts.VTiger_purchaseOrder_TC30" name="testCase30" time="50.948"/>
  <system-out/>
</testsuite> <!-- vTiger.Test_Scripts.VTiger_purchaseOrder_TC30 -->
