<?xml version="1.0" encoding="UTF-8"?>
<!-- Generated by org.testng.reporters.JUnitReportReporter -->
<testsuite hostname="DESKTOP-KP769BJ" failures="0" tests="1" name="vTiger.Test_Scripts.VTiger_Scenario1" time="29.441" errors="0" timestamp="2021-08-17T16:00:41 IST" skipped="0">
  <testcase classname="vTiger.Test_Scripts.VTiger_Scenario1" name="TestCase1" time="29.441"/>
  <system-out/>
</testsuite> <!-- vTiger.Test_Scripts.VTiger_Scenario1 -->
