<?xml version="1.0" encoding="UTF-8"?>
<!-- Generated by org.testng.reporters.JUnitReportReporter -->
<testsuite hostname="DESKTOP-KP769BJ" failures="0" tests="1" name="vTiger.Test_Scripts.VTiger_purchseOrder_TC37" time="105.926" errors="0" timestamp="2021-08-21T17:33:57 IST" skipped="0">
  <testcase classname="vTiger.Test_Scripts.VTiger_purchseOrder_TC37" name="testCase37" time="105.926"/>
  <system-out/>
</testsuite> <!-- vTiger.Test_Scripts.VTiger_purchseOrder_TC37 -->
