<?xml version="1.0" encoding="UTF-8"?>
<!-- Generated by org.testng.reporters.JUnitReportReporter -->
<testsuite hostname="DESKTOP-KP769BJ" failures="0" tests="1" name="vTiger.Test_Scripts.VTiger_Scenario2" time="52.836" errors="0" timestamp="2021-08-17T16:22:54 IST" skipped="0">
  <testcase classname="vTiger.Test_Scripts.VTiger_Scenario2" name="testCase2" time="52.836"/>
  <system-out/>
</testsuite> <!-- vTiger.Test_Scripts.VTiger_Scenario2 -->
