<?xml version="1.0" encoding="UTF-8"?>
<!-- Generated by org.testng.reporters.JUnitReportReporter -->
<testsuite hostname="DESKTOP-KP769BJ" failures="0" tests="1" name="vTiger.Test_Scripts.VTiger_purchaseOrder_TC31" time="45.380" errors="0" timestamp="2021-08-23T17:42:41 IST" skipped="0">
  <testcase classname="vTiger.Test_Scripts.VTiger_purchaseOrder_TC31" name="testCase31" time="45.380"/>
  <system-out/>
</testsuite> <!-- vTiger.Test_Scripts.VTiger_purchaseOrder_TC31 -->
