<?xml version="1.0" encoding="UTF-8"?>
<!-- Generated by org.testng.reporters.JUnitReportReporter -->
<testsuite hostname="DESKTOP-KP769BJ" failures="0" tests="1" name="vTiger.Test_Scripts.VTiger_purchaseOrder_TC33" time="49.069" errors="0" timestamp="2021-08-26T12:53:53 IST" skipped="0">
  <testcase classname="vTiger.Test_Scripts.VTiger_purchaseOrder_TC33" name="testCase33" time="49.069"/>
  <system-out/>
</testsuite> <!-- vTiger.Test_Scripts.VTiger_purchaseOrder_TC33 -->
