<?xml version="1.0" encoding="UTF-8"?>
<!-- Generated by org.testng.reporters.JUnitReportReporter -->
<testsuite skipped="0" hostname="DESKTOP-KP769BJ" name="vTiger.Test_Scripts.VTiger_purchaseOrder_TC34" tests="1" failures="0" timestamp="2021-08-26T11:04:19 IST" time="22.950" errors="0">
  <testcase name="testCase34" time="22.950" classname="vTiger.Test_Scripts.VTiger_purchaseOrder_TC34"/>
  <system-out/>
</testsuite> <!-- vTiger.Test_Scripts.VTiger_purchaseOrder_TC34 -->
