<?xml version="1.0" encoding="UTF-8"?>
<!-- Generated by org.testng.reporters.JUnitReportReporter -->
<testsuite skipped="0" hostname="DESKTOP-KP769BJ" name="vTiger.Test_Scripts.VTiger_purchaseOrder_TC31" tests="1" failures="0" timestamp="2021-08-25T15:04:10 IST" time="26.528" errors="0">
  <testcase name="testCase31" time="26.528" classname="vTiger.Test_Scripts.VTiger_purchaseOrder_TC31"/>
  <system-out/>
</testsuite> <!-- vTiger.Test_Scripts.VTiger_purchaseOrder_TC31 -->
