<?xml version="1.0" encoding="UTF-8"?>
<!-- Generated by org.testng.reporters.JUnitReportReporter -->
<testsuite skipped="0" hostname="DESKTOP-KP769BJ" name="vTiger.Test_Scripts.VTiger_purchaseOrder_TC32" tests="1" failures="0" timestamp="2021-08-26T11:04:19 IST" time="25.766" errors="0">
  <testcase name="testCase32" time="25.766" classname="vTiger.Test_Scripts.VTiger_purchaseOrder_TC32"/>
  <system-out/>
</testsuite> <!-- vTiger.Test_Scripts.VTiger_purchaseOrder_TC32 -->
